<?xml version="1.0" encoding="UTF-8"?>
<!-- Generated by org.testng.reporters.JUnitXMLReporter -->
<testsuite ignored="0" hostname="muthukrishnans-MacBook-Air.local" failures="0" tests="7" name="Default test" time="80.716" errors="0" timestamp="2024-04-27T15:14:17 SGT">
  <testcase classname="Test.ToDos.AppTest" name="AddToDos" time="6.972"/>
  <testcase classname="Test.ToDos.AppTest" name="MarkComplete" time="14.022"/>
  <testcase classname="Test.ToDos.AppTest" name="DisplayStatus" time="27.937"/>
  <testcase classname="Test.ToDos.AppTest" name="EditToDo" time="7.819"/>
  <testcase classname="Test.ToDos.AppTest" name="ClearCompleted" time="5.347"/>
  <testcase classname="Test.ToDos.AppTest" name="MarkAllToDos" time="1.349"/>
  <testcase classname="Test.ToDos.AppTest" name="ClearAllToDos" time="8.767"/>
</testsuite> <!-- Default test -->
